<?xml version="1.0" encoding="UTF-8"?>
<testng-results ignored="0" total="2" passed="2" failed="0" skipped="0">
  <reporter-output>
  </reporter-output>
  <suite started-at="2022-08-02T07:02:26Z" name="Suite" finished-at="2022-08-02T07:03:23Z" duration-ms="57004">
    <groups>
    </groups>
    <test started-at="2022-08-02T07:02:26Z" name="MacOS Test" finished-at="2022-08-02T07:03:04Z" duration-ms="37922">
      <class name="testNG.Testng1">
        <test-method is-config="true" signature="setUpClass(java.lang.String, java.lang.String, java.lang.String)[pri:0, instance:testNG.Testng1@5032714f]" started-at="2022-08-02T07:02:26Z" name="setUpClass" finished-at="2022-08-02T07:02:37Z" duration-ms="10443" status="PASS">
          <params>
            <param index="0">
              <value>
                <![CDATA[MicrosoftEdge]]>
              </value>
            </param>
            <param index="1">
              <value>
                <![CDATA[87.0]]>
              </value>
            </param>
            <param index="2">
              <value>
                <![CDATA[macOS Sierra]]>
              </value>
            </param>
          </params>
          <reporter-output>
          </reporter-output>
        </test-method> <!-- setUpClass -->
        <test-method signature="scenarioOne(java.lang.String, java.lang.String, java.lang.String)[pri:0, instance:testNG.Testng1@5032714f]" started-at="2022-08-02T07:02:37Z" name="scenarioOne" finished-at="2022-08-02T07:03:03Z" duration-ms="25905" status="PASS">
          <params>
            <param index="0">
              <value>
                <![CDATA[MicrosoftEdge]]>
              </value>
            </param>
            <param index="1">
              <value>
                <![CDATA[87.0]]>
              </value>
            </param>
            <param index="2">
              <value>
                <![CDATA[macOS Sierra]]>
              </value>
            </param>
          </params>
          <reporter-output>
          </reporter-output>
        </test-method> <!-- scenarioOne -->
        <test-method is-config="true" signature="close()[pri:0, instance:testNG.Testng1@5032714f]" started-at="2022-08-02T07:03:04Z" name="close" finished-at="2022-08-02T07:03:04Z" duration-ms="1" status="PASS">
          <reporter-output>
          </reporter-output>
        </test-method> <!-- close -->
      </class> <!-- testNG.Testng1 -->
    </test> <!-- MacOS Test -->
    <test started-at="2022-08-02T07:02:26Z" name="Windows 10 Test" finished-at="2022-08-02T07:03:23Z" duration-ms="57004">
      <class name="testNG.Testng1">
        <test-method is-config="true" signature="setUpClass(java.lang.String, java.lang.String, java.lang.String)[pri:0, instance:testNG.Testng1@4b013c76]" started-at="2022-08-02T07:02:26Z" name="setUpClass" finished-at="2022-08-02T07:02:38Z" duration-ms="12034" status="PASS">
          <params>
            <param index="0">
              <value>
                <![CDATA[Chrome]]>
              </value>
            </param>
            <param index="1">
              <value>
                <![CDATA[88.0]]>
              </value>
            </param>
            <param index="2">
              <value>
                <![CDATA[Windows 10]]>
              </value>
            </param>
          </params>
          <reporter-output>
          </reporter-output>
        </test-method> <!-- setUpClass -->
        <test-method signature="scenarioOne(java.lang.String, java.lang.String, java.lang.String)[pri:0, instance:testNG.Testng1@4b013c76]" started-at="2022-08-02T07:02:38Z" name="scenarioOne" finished-at="2022-08-02T07:03:23Z" duration-ms="44916" status="PASS">
          <params>
            <param index="0">
              <value>
                <![CDATA[Chrome]]>
              </value>
            </param>
            <param index="1">
              <value>
                <![CDATA[88.0]]>
              </value>
            </param>
            <param index="2">
              <value>
                <![CDATA[Windows 10]]>
              </value>
            </param>
          </params>
          <reporter-output>
          </reporter-output>
        </test-method> <!-- scenarioOne -->
        <test-method is-config="true" signature="close()[pri:0, instance:testNG.Testng1@4b013c76]" started-at="2022-08-02T07:03:23Z" name="close" finished-at="2022-08-02T07:03:23Z" duration-ms="1" status="PASS">
          <reporter-output>
          </reporter-output>
        </test-method> <!-- close -->
      </class> <!-- testNG.Testng1 -->
    </test> <!-- Windows 10 Test -->
  </suite> <!-- Suite -->
</testng-results>
