<?xml version="1.0" encoding="UTF-8"?>
<!-- Generated by org.testng.reporters.JUnitXMLReporter -->
<testsuite ignored="0" hostname="noothannagasai-testngmai-me51j99u4lp" failures="0" tests="3" name="MacOS Test" time="54.658" errors="0" timestamp="09 Feb 2022 05:44:59 GMT">
  <testcase classname="com.lambdatest.Testng1" name="scenarioOne" time="0.277"/>
  <testcase classname="com.lambdatest.Testng1" name="secondScenario" time="4.541"/>
  <testcase classname="com.lambdatest.Testng1" name="thirdScenario" time="1.959"/>
</testsuite> <!-- MacOS Test -->
