<?xml version="1.0" encoding="UTF-8"?>
<!-- Generated by org.testng.reporters.JUnitXMLReporter -->
<testsuite ignored="0" hostname="noothannagasai-testngmai-me51j99u4lp" failures="0" tests="3" name="Windows 10 Test" time="105.876" errors="0" timestamp="09 Feb 2022 05:45:50 GMT">
  <testcase classname="com.lambdatest.Testng1" name="scenarioOne" time="0.305"/>
  <testcase classname="com.lambdatest.Testng1" name="secondScenario" time="5.604"/>
  <testcase classname="com.lambdatest.Testng1" name="thirdScenario" time="1.238"/>
</testsuite> <!-- Windows 10 Test -->
