<?xml version="1.0" encoding="UTF-8"?>
<!-- Generated by org.testng.reporters.JUnitXMLReporter -->
<testsuite ignored="0" hostname="noothannagasai-testngmai-me51j99u4lp" failures="0" tests="3" name="Windows 10" time="90.667" errors="0" timestamp="09 Feb 2022 05:45:35 GMT">
  <testcase classname="com.lambdatest.Testng1" name="scenarioOne" time="0.397"/>
  <testcase classname="com.lambdatest.Testng1" name="secondScenario" time="6.163"/>
  <testcase classname="com.lambdatest.Testng1" name="thirdScenario" time="2.86"/>
</testsuite> <!-- Windows 10 -->
