<?xml version="1.0" encoding="UTF-8"?>
<!-- Generated by org.testng.reporters.JUnitXMLReporter -->
<testsuite ignored="0" hostname="noothannagasai-testngmai-me51j99u4lp" failures="0" tests="3" name="Windows 7 Test" time="72.444" errors="0" timestamp="09 Feb 2022 05:45:16 GMT">
  <testcase classname="com.lambdatest.Testng1" name="scenarioOne" time="0.446"/>
  <testcase classname="com.lambdatest.Testng1" name="secondScenario" time="4.682"/>
  <testcase classname="com.lambdatest.Testng1" name="thirdScenario" time="1.669"/>
</testsuite> <!-- Windows 7 Test -->
